
/home/runner/work/exp-hartnell-governer-nitk/exp-hartnell-governer-nitk/experiment/simulation/js/MOMscript.js
   22:10  warning  'point' is defined but never used            no-unused-vars
   30:10  warning  'pointtrans' is defined but never used       no-unused-vars
   38:10  warning  'pointdisp' is defined but never used        no-unused-vars
   88:10  warning  'pointdist' is defined but never used        no-unused-vars
   94:10  warning  'pointjoin' is defined but never used        no-unused-vars
  109:10  warning  'pointtrace' is defined but never used       no-unused-vars
  127:10  warning  'deg' is defined but never used              no-unused-vars
  137:10  warning  'drawrect' is defined but never used         no-unused-vars
  157:10  warning  'drawArrow' is defined but never used        no-unused-vars
  173:10  warning  'signof' is defined but never used           no-unused-vars
  178:10  warning  'storeCoordinate' is defined but never used  no-unused-vars
  185:10  warning  'roundd' is defined but never used           no-unused-vars
  191:10  warning  'plotgraph' is defined but never used        no-unused-vars
  201:1   warning  'i' is not defined                           no-undef
  203:7   warning  'i' is not defined                           no-undef
  205:20  warning  'i' is not defined                           no-undef
  205:27  warning  'i' is not defined                           no-undef
  206:2   warning  'i' is not defined                           no-undef
  207:6   warning  'i' is not defined                           no-undef
  210:3   warning  'i' is not defined                           no-undef
  210:5   warning  'i' is not defined                           no-undef

/home/runner/work/exp-hartnell-governer-nitk/exp-hartnell-governer-nitk/experiment/simulation/js/MOMscript_ver2.js
   22:10  warning  'point' is defined but never used       no-unused-vars
   30:10  warning  'pointtrans' is defined but never used  no-unused-vars
   38:10  warning  'pointdisp' is defined but never used   no-unused-vars
   88:10  warning  'pointdist' is defined but never used   no-unused-vars
   94:10  warning  'pointjoin' is defined but never used   no-unused-vars
  111:10  warning  'pointtrace' is defined but never used  no-unused-vars
  129:10  warning  'deg' is defined but never used         no-unused-vars
  139:10  warning  'drawrect' is defined but never used    no-unused-vars
  159:10  warning  'drawArrow' is defined but never used   no-unused-vars
  175:10  warning  'signof' is defined but never used      no-unused-vars
  181:10  warning  'roundd' is defined but never used      no-unused-vars
  187:10  warning  'plotgraph' is defined but never used   no-unused-vars
  197:1   warning  'i' is not defined                      no-undef
  199:7   warning  'i' is not defined                      no-undef
  201:20  warning  'i' is not defined                      no-undef
  201:27  warning  'i' is not defined                      no-undef
  202:2   warning  'i' is not defined                      no-undef
  203:6   warning  'i' is not defined                      no-undef
  206:3   warning  'i' is not defined                      no-undef
  206:5   warning  'i' is not defined                      no-undef

/home/runner/work/exp-hartnell-governer-nitk/exp-hartnell-governer-nitk/experiment/simulation/js/dpi.js
  39:5  error  Parsing error: Identifier 'canvas' has already been declared

/home/runner/work/exp-hartnell-governer-nitk/exp-hartnell-governer-nitk/experiment/simulation/js/jquery-3.6.0.js
     17:44  warning  'module' is not defined                                                    no-undef
     25:5   warning  'module' is not defined                                                    no-undef
    142:13  warning  'Symbol' is already defined as a built-in global variable                  no-redeclare
    717:22  warning  Unexpected control character(s) in regular expression: \x1f, \x1f          no-control-regex
    779:50  warning  Empty block statement                                                      no-empty
   2185:38  warning  Do not access Object.prototype method 'hasOwnProperty' from target object  no-prototype-builtins
   3205:16  warning  Unnecessary escape character: \/                                           no-useless-escape
   3507:52  warning  Empty block statement                                                      no-empty
   4584:21  warning  Empty block statement                                                      no-empty
   5051:28  warning  Unnecessary escape character: \/                                           no-useless-escape
   5268:19  warning  Empty block statement                                                      no-empty
   6564:25  warning  Empty block statement                                                      no-empty
   9171:17  warning  Empty block statement                                                      no-empty
   9819:28  warning  'urlAnchor.href' is assigned to itself                                     no-self-assign
  10269:17  warning  Empty block statement                                                      no-empty
  11162:39  warning  'define' is not defined                                                    no-undef
  11163:5   warning  'define' is not defined                                                    no-undef

/home/runner/work/exp-hartnell-governer-nitk/exp-hartnell-governer-nitk/experiment/simulation/js/jquery-ui.js
      9:39  warning  'define' is not defined                                      no-undef
     11:5   warning  'define' is not defined                                      no-undef
     14:13  warning  'jQuery' is not defined                                      no-undef
     21:7   warning  'version' is assigned a value but never used                 no-unused-vars
    797:7   warning  'widget' is assigned a value but never used                  no-unused-vars
    822:19  warning  Unnecessary escape character: \+                             no-useless-escape
    822:21  warning  Unnecessary escape character: \-                             no-useless-escape
   1365:7   warning  'position' is assigned a value but never used                no-unused-vars
   1381:7   warning  'data' is assigned a value but never used                    no-unused-vars
   1410:7   warning  'disableSelection' is assigned a value but never used        no-unused-vars
   1452:23  warning  Unnecessary escape character: \-                             no-useless-escape
   1462:39  warning  Unnecessary escape character: \%                             no-useless-escape
   1462:63  warning  Unnecessary escape character: \%                             no-useless-escape
   1462:87  warning  Unnecessary escape character: \%                             no-useless-escape
   1499:61  warning  Unnecessary escape character: \%                             no-useless-escape
   1499:85  warning  Unnecessary escape character: \%                             no-useless-escape
   2078:29  warning  Empty block statement                                        no-empty
   3120:63  warning  Empty block statement                                        no-empty
   3156:7   warning  'effectsEffectBlind' is assigned a value but never used      no-unused-vars
   3217:7   warning  'effectsEffectBounce' is assigned a value but never used     no-unused-vars
   3309:7   warning  'effectsEffectClip' is assigned a value but never used       no-unused-vars
   3360:7   warning  'effectsEffectDrop' is assigned a value but never used       no-unused-vars
   3418:7   warning  'effectsEffectExplode' is assigned a value but never used    no-unused-vars
   3523:7   warning  'effectsEffectFade' is assigned a value but never used       no-unused-vars
   3560:7   warning  'effectsEffectFold' is assigned a value but never used       no-unused-vars
   3639:7   warning  'effectsEffectHighlight' is assigned a value but never used  no-unused-vars
   3683:7   warning  'effectsEffectSize' is assigned a value but never used       no-unused-vars
   3884:7   warning  'effectsEffectScale' is assigned a value but never used      no-unused-vars
   3929:7   warning  'effectsEffectPuff' is assigned a value but never used       no-unused-vars
   3957:7   warning  'effectsEffectPulsate' is assigned a value but never used    no-unused-vars
   4007:7   warning  'effectsEffectShake' is assigned a value but never used      no-unused-vars
   4062:7   warning  'effectsEffectSlide' is assigned a value but never used      no-unused-vars
   4127:7   warning  'effect' is already defined                                  no-redeclare
   4133:7   warning  'effectsEffectTransfer' is assigned a value but never used   no-unused-vars
   4209:7   warning  'focusable' is assigned a value but never used               no-unused-vars
   4214:7   warning  'form' is assigned a value but never used                    no-unused-vars
   4234:7   warning  'formResetMixin' is assigned a value but never used          no-unused-vars
   4311:22  warning  Unexpected control character(s) in regular expression: \x1f  no-control-regex
   4369:7   warning  'keycode' is assigned a value but never used                 no-unused-vars
   4402:7   warning  'labels' is assigned a value but never used                  no-unused-vars
   4455:7   warning  'scrollParent' is assigned a value but never used            no-unused-vars
   4492:7   warning  'tabbable' is assigned a value but never used                no-unused-vars
   4516:7   warning  'uniqueId' is assigned a value but never used                no-unused-vars
   4558:7   warning  'widgetsAccordion' is assigned a value but never used        no-unused-vars
   5187:7   warning  'safeActiveElement' is assigned a value but never used       no-unused-vars
   5233:7   warning  'widgetsMenu' is assigned a value but never used             no-unused-vars
   5939:13  warning  Unnecessary escape character: \-                             no-useless-escape
   5939:15  warning  Unnecessary escape character: \[                             no-useless-escape
   5939:30  warning  Unnecessary escape character: \^                             no-useless-escape
   6581:30  warning  Unnecessary escape character: \-                             no-useless-escape
   6581:32  warning  Unnecessary escape character: \[                             no-useless-escape
   6581:47  warning  Unnecessary escape character: \^                             no-useless-escape
   6626:7   warning  'widgetsAutocomplete' is assigned a value but never used     no-unused-vars
   6648:7   warning  'widgetsControlgroup' is assigned a value but never used     no-unused-vars
   7239:7   warning  'widgetsCheckboxradio' is assigned a value but never used    no-unused-vars
   7686:7   warning  'widgetsButton' is assigned a value but never used           no-unused-vars
   7921:51  warning  Unnecessary escape character: \-                             no-useless-escape
   8620:23  warning  Empty block statement                                        no-empty
   9326:18  warning  Unexpected constant condition                                no-constant-condition
   9623:27  warning  Unnecessary escape character: \-                             no-useless-escape
  10293:40  warning  Unnecessary escape character: \-                             no-useless-escape
  10295:32  warning  Unnecessary escape character: \-                             no-useless-escape
  10435:35  warning  Unnecessary escape character: \-                             no-useless-escape
  10438:35  warning  Unnecessary escape character: \-                             no-useless-escape
  10603:7   warning  'widgetsDatepicker' is assigned a value but never used       no-unused-vars
  10606:7   warning  'ie' is assigned a value but never used                      no-unused-vars
  10627:7   warning  'widgetsMouse' is assigned a value but never used            no-unused-vars
  10835:7   warning  'plugin' is assigned a value but never used                  no-unused-vars
  10868:7   warning  'safeBlur' is assigned a value but never used                no-unused-vars
  12169:7   warning  'widgetsDraggable' is assigned a value but never used        no-unused-vars
  13428:7   warning  'widgetsResizable' is assigned a value but never used        no-unused-vars
  14383:7   warning  'widgetsDialog' is assigned a value but never used           no-unused-vars
  14902:7   warning  'widgetsDroppable' is assigned a value but never used        no-unused-vars
  14924:7   warning  'widgetsProgressbar' is assigned a value but never used      no-unused-vars
  15081:7   warning  'widgetsSelectable' is assigned a value but never used       no-unused-vars
  15399:7   warning  'widgetsSelectmenu' is assigned a value but never used       no-unused-vars
  16098:7   warning  'widgetsSlider' is assigned a value but never used           no-unused-vars
  16890:7   warning  'widgetsSortable' is assigned a value but never used         no-unused-vars
  17501:33  warning  Unnecessary escape character: \-                             no-useless-escape
  19078:15  warning  'Globalize' is not defined                                   no-undef
  19089:11  warning  'Globalize' is not defined                                   no-undef
  19209:7   warning  'widgetsSpinner' is assigned a value but never used          no-unused-vars
  19265:25  warning  Empty block statement                                        no-empty
  19268:25  warning  Empty block statement                                        no-empty
  19507:38  warning  Unnecessary escape character: \/                             no-useless-escape
  19507:47  warning  Unnecessary escape character: \[                             no-useless-escape
  19507:51  warning  Unnecessary escape character: \^                             no-useless-escape
  20132:7   warning  'widgetsTabs' is assigned a value but never used             no-unused-vars
  20643:7   warning  'widgetsTooltip' is assigned a value but never used          no-unused-vars

/home/runner/work/exp-hartnell-governer-nitk/exp-hartnell-governer-nitk/experiment/simulation/js/jquery.ui.touch-punch.js
  174:4  warning  'jQuery' is not defined  no-undef

/home/runner/work/exp-hartnell-governer-nitk/exp-hartnell-governer-nitk/experiment/simulation/js/jquery.ui.touch-punch.min.js
  81:4  warning  'jQuery' is not defined  no-undef

/home/runner/work/exp-hartnell-governer-nitk/exp-hartnell-governer-nitk/experiment/simulation/js/script.js
    4:5    warning  'simstatus' is assigned a value but never used     no-unused-vars
    7:16   warning  'point' is not defined                             no-undef
    8:17   warning  'point' is not defined                             no-undef
    9:18   warning  'point' is not defined                             no-undef
   13:12   warning  'point' is not defined                             no-undef
   14:12   warning  'point' is not defined                             no-undef
   15:13   warning  'point' is not defined                             no-undef
   16:13   warning  'point' is not defined                             no-undef
   17:13   warning  'point' is not defined                             no-undef
   18:13   warning  'point' is not defined                             no-undef
   19:13   warning  'point' is not defined                             no-undef
   20:13   warning  'point' is not defined                             no-undef
   21:13   warning  'point' is not defined                             no-undef
   22:13   warning  'point' is not defined                             no-undef
   23:13   warning  'point' is not defined                             no-undef
   24:13   warning  'point' is not defined                             no-undef
   25:13   warning  'point' is not defined                             no-undef
   26:13   warning  'point' is not defined                             no-undef
   27:13   warning  'point' is not defined                             no-undef
   28:13   warning  'point' is not defined                             no-undef
   29:12   warning  'point' is not defined                             no-undef
   30:12   warning  'point' is not defined                             no-undef
   31:12   warning  'point' is not defined                             no-undef
   32:12   warning  'point' is not defined                             no-undef
   33:12   warning  'point' is not defined                             no-undef
   34:12   warning  'point' is not defined                             no-undef
   35:12   warning  'point' is not defined                             no-undef
   36:12   warning  'point' is not defined                             no-undef
   37:12   warning  'point' is not defined                             no-undef
   38:12   warning  'point' is not defined                             no-undef
   39:12   warning  'point' is not defined                             no-undef
   40:12   warning  'point' is not defined                             no-undef
   41:13   warning  'point' is not defined                             no-undef
   42:13   warning  'point' is not defined                             no-undef
   43:14   warning  'point' is not defined                             no-undef
   44:14   warning  'point' is not defined                             no-undef
   45:12   warning  'point' is not defined                             no-undef
   46:13   warning  'point' is not defined                             no-undef
   47:13   warning  'point' is not defined                             no-undef
   48:13   warning  'point' is not defined                             no-undef
   49:13   warning  'point' is not defined                             no-undef
   50:13   warning  'point' is not defined                             no-undef
   51:13   warning  'point' is not defined                             no-undef
   52:13   warning  'point' is not defined                             no-undef
   53:13   warning  'point' is not defined                             no-undef
   54:13   warning  'point' is not defined                             no-undef
   55:14   warning  'point' is not defined                             no-undef
   56:14   warning  'point' is not defined                             no-undef
   57:14   warning  'point' is not defined                             no-undef
   58:14   warning  'point' is not defined                             no-undef
   59:14   warning  'point' is not defined                             no-undef
   60:14   warning  'point' is not defined                             no-undef
   61:14   warning  'point' is not defined                             no-undef
   62:14   warning  'point' is not defined                             no-undef
   63:14   warning  'point' is not defined                             no-undef
   64:14   warning  'point' is not defined                             no-undef
   65:14   warning  'point' is not defined                             no-undef
   66:14   warning  'point' is not defined                             no-undef
   67:14   warning  'point' is not defined                             no-undef
   68:14   warning  'point' is not defined                             no-undef
   69:14   warning  'point' is not defined                             no-undef
   70:14   warning  'point' is not defined                             no-undef
   75:5    warning  'om1' is already defined                           no-redeclare
   79:5    warning  'omega1' is assigned a value but never used        no-unused-vars
   80:5    warning  'r' is assigned a value but never used             no-unused-vars
   84:8    warning  'm1' is assigned a value but never used            no-unused-vars
   86:5    warning  'g' is assigned a value but never used             no-unused-vars
   97:5    warning  'ra11' is assigned a value but never used          no-unused-vars
   98:5    warning  'r111' is assigned a value but never used          no-unused-vars
   99:5    warning  'th1' is assigned a value but never used           no-unused-vars
  100:5    warning  'canvas' is already defined                        no-redeclare
  101:5    warning  'ctx' is already defined                           no-redeclare
  103:5    warning  'simTimeId' is assigned a value but never used     no-unused-vars
  104:5    warning  'pauseTime' is assigned a value but never used     no-unused-vars
  105:5    warning  'time' is assigned a value but never used          no-unused-vars
  108:5    warning  'exptSelected' is assigned a value but never used  no-unused-vars
  111:5    warning  'countSpan' is assigned a value but never used     no-unused-vars
  122:10   warning  'editcss' is defined but never used                no-unused-vars
  124:1    warning  '$' is not defined                                 no-undef
  125:1    warning  '$' is not defined                                 no-undef
  129:1    warning  '$' is not defined                                 no-undef
  130:1    warning  '$' is not defined                                 no-undef
  131:1    warning  '$' is not defined                                 no-undef
  134:10   warning  'startsim' is defined but never used               no-unused-vars
  139:10   warning  'varinit' is defined but never used                no-unused-vars
  142:1    warning  '$' is not defined                                 no-undef
  143:1    warning  '$' is not defined                                 no-undef
  144:1    warning  '$' is not defined                                 no-undef
  145:1    warning  '$' is not defined                                 no-undef
  151:1    warning  '$' is not defined                                 no-undef
  152:1    warning  '$' is not defined                                 no-undef
  153:1    warning  '$' is not defined                                 no-undef
  154:1    warning  '$' is not defined                                 no-undef
  157:1    warning  '$' is not defined                                 no-undef
  157:50   warning  '$' is not defined                                 no-undef
  157:92   warning  'ptx' is not defined                               no-undef
  157:100  warning  'pty' is not defined                               no-undef
  157:108  warning  'ptxdot' is not defined                            no-undef
  157:119  warning  'ptxddot' is not defined                           no-undef
  157:131  warning  'ptxdddot' is not defined                          no-undef
  157:144  warning  'j' is not defined                                 no-undef
  157:150  warning  'ptx' is not defined                               no-undef
  157:173  warning  'pty' is not defined                               no-undef
  157:191  warning  'j' is not defined                                 no-undef
  158:1    warning  '$' is not defined                                 no-undef
  158:50   warning  '$' is not defined                                 no-undef
  158:90   warning  'ptx' is not defined                               no-undef
  158:98   warning  'pty' is not defined                               no-undef
  158:106  warning  'ptxdot' is not defined                            no-undef
  158:117  warning  'ptxddot' is not defined                           no-undef
  158:129  warning  'ptxdddot' is not defined                          no-undef
  158:142  warning  'j' is not defined                                 no-undef
  158:148  warning  'ptx' is not defined                               no-undef
  158:171  warning  'pty' is not defined                               no-undef
  158:189  warning  'j' is not defined                                 no-undef
  159:1    warning  '$' is not defined                                 no-undef
  161:1    warning  '$' is not defined                                 no-undef
  161:50   warning  '$' is not defined                                 no-undef
  161:92   warning  'ptx' is not defined                               no-undef
  161:100  warning  'pty' is not defined                               no-undef
  161:108  warning  'ptxdot' is not defined                            no-undef
  161:119  warning  'ptxddot' is not defined                           no-undef
  161:131  warning  'ptxdddot' is not defined                          no-undef
  161:144  warning  'j' is not defined                                 no-undef
  161:150  warning  'ptx' is not defined                               no-undef
  161:173  warning  'pty' is not defined                               no-undef
  161:191  warning  'j' is not defined                                 no-undef
  162:1    warning  '$' is not defined                                 no-undef
  162:50   warning  '$' is not defined                                 no-undef
  162:90   warning  'ptx' is not defined                               no-undef
  162:98   warning  'pty' is not defined                               no-undef
  162:106  warning  'ptxdot' is not defined                            no-undef
  162:117  warning  'ptxddot' is not defined                           no-undef
  162:129  warning  'ptxdddot' is not defined                          no-undef
  162:142  warning  'j' is not defined                                 no-undef
  162:148  warning  'ptx' is not defined                               no-undef
  162:171  warning  'pty' is not defined                               no-undef
  162:189  warning  'j' is not defined                                 no-undef
  163:1    warning  '$' is not defined                                 no-undef
  169:3    warning  '$' is not defined                                 no-undef
  170:3    warning  '$' is not defined                                 no-undef
  172:29   warning  'deg' is not defined                               no-undef
  182:19   warning  'rad' is not defined                               no-undef
  183:17   warning  'rad' is not defined                               no-undef
  191:23   warning  'rad' is not defined                               no-undef
  193:24   warning  'rad' is not defined                               no-undef
  195:23   warning  'rad' is not defined                               no-undef
  197:24   warning  'rad' is not defined                               no-undef
  199:23   warning  'rad' is not defined                               no-undef
  201:24   warning  'rad' is not defined                               no-undef
  203:23   warning  'rad' is not defined                               no-undef
  205:24   warning  'rad' is not defined                               no-undef
  211:23   warning  'rad' is not defined                               no-undef
  211:35   warning  Unnecessary semicolon                              no-extra-semi
  213:24   warning  'rad' is not defined                               no-undef
  213:36   warning  Unnecessary semicolon                              no-extra-semi
  217:23   warning  'rad' is not defined                               no-undef
  219:24   warning  'rad' is not defined                               no-undef
  221:24   warning  'rad' is not defined                               no-undef
  223:25   warning  'rad' is not defined                               no-undef
  225:24   warning  'rad' is not defined                               no-undef
  229:25   warning  'rad' is not defined                               no-undef
  231:24   warning  'rad' is not defined                               no-undef
  233:25   warning  'rad' is not defined                               no-undef
  235:24   warning  'rad' is not defined                               no-undef
  237:25   warning  'rad' is not defined                               no-undef
  239:25   warning  'rad' is not defined                               no-undef
  241:26   warning  'rad' is not defined                               no-undef
  243:25   warning  'rad' is not defined                               no-undef
  245:26   warning  'rad' is not defined                               no-undef
  247:25   warning  'rad' is not defined                               no-undef
  249:26   warning  'rad' is not defined                               no-undef
  251:25   warning  'rad' is not defined                               no-undef
  253:26   warning  'rad' is not defined                               no-undef
  255:25   warning  'rad' is not defined                               no-undef
  257:26   warning  'rad' is not defined                               no-undef
  259:25   warning  'rad' is not defined                               no-undef
  261:26   warning  'rad' is not defined                               no-undef
  262:25   warning  'rad' is not defined                               no-undef
  264:26   warning  'rad' is not defined                               no-undef
  272:23   warning  'rad' is not defined                               no-undef
  274:24   warning  'rad' is not defined                               no-undef
  289:22   warning  'rad' is not defined                               no-undef
  291:24   warning  'rad' is not defined                               no-undef
  297:23   warning  'rad' is not defined                               no-undef
  298:23   warning  'rad' is not defined                               no-undef
  299:24   warning  'rad' is not defined                               no-undef
  300:24   warning  'rad' is not defined                               no-undef
  350:87   warning  'roundd' is not defined                            no-undef
  350:130  warning  'roundd' is not defined                            no-undef
  356:9    warning  'originalX' is assigned a value but never used     no-unused-vars
  362:1    warning  'pointtrans' is not defined                        no-undef
  363:1    warning  'pointtrans' is not defined                        no-undef
  364:1    warning  'pointtrans' is not defined                        no-undef
  365:1    warning  'pointtrans' is not defined                        no-undef
  366:1    warning  'pointtrans' is not defined                        no-undef
  367:1    warning  'pointtrans' is not defined                        no-undef
  368:1    warning  'pointtrans' is not defined                        no-undef
  369:1    warning  'pointtrans' is not defined                        no-undef
  370:1    warning  'pointtrans' is not defined                        no-undef
  371:1    warning  'pointtrans' is not defined                        no-undef
  372:1    warning  'pointtrans' is not defined                        no-undef
  373:1    warning  'pointtrans' is not defined                        no-undef
  374:1    warning  'pointtrans' is not defined                        no-undef
  375:1    warning  'pointtrans' is not defined                        no-undef
  376:1    warning  'pointtrans' is not defined                        no-undef
  377:1    warning  'pointtrans' is not defined                        no-undef
  378:1    warning  'pointtrans' is not defined                        no-undef
  379:1    warning  'pointtrans' is not defined                        no-undef
  380:1    warning  'pointtrans' is not defined                        no-undef
  381:1    warning  'pointtrans' is not defined                        no-undef
  382:1    warning  'pointtrans' is not defined                        no-undef
  383:1    warning  'pointtrans' is not defined                        no-undef
  384:1    warning  'pointtrans' is not defined                        no-undef
  385:1    warning  'pointtrans' is not defined                        no-undef
  386:1    warning  'pointtrans' is not defined                        no-undef
  387:1    warning  'pointtrans' is not defined                        no-undef
  388:1    warning  'pointtrans' is not defined                        no-undef
  389:1    warning  'pointtrans' is not defined                        no-undef
  390:1    warning  'pointtrans' is not defined                        no-undef
  391:1    warning  'pointtrans' is not defined                        no-undef
  392:1    warning  'pointtrans' is not defined                        no-undef
  393:1    warning  'pointtrans' is not defined                        no-undef
  394:1    warning  'pointtrans' is not defined                        no-undef
  395:1    warning  'pointtrans' is not defined                        no-undef
  396:1    warning  'pointtrans' is not defined                        no-undef
  397:1    warning  'pointtrans' is not defined                        no-undef
  398:1    warning  'pointtrans' is not defined                        no-undef
  399:1    warning  'pointtrans' is not defined                        no-undef
  400:1    warning  'pointtrans' is not defined                        no-undef
  401:1    warning  'pointtrans' is not defined                        no-undef
  402:1    warning  'pointtrans' is not defined                        no-undef
  403:1    warning  'pointtrans' is not defined                        no-undef
  404:1    warning  'pointtrans' is not defined                        no-undef
  405:1    warning  'pointtrans' is not defined                        no-undef
  406:1    warning  'pointtrans' is not defined                        no-undef
  407:1    warning  'pointtrans' is not defined                        no-undef
  408:1    warning  'pointtrans' is not defined                        no-undef
  409:1    warning  'pointtrans' is not defined                        no-undef
  410:1    warning  'pointtrans' is not defined                        no-undef
  411:1    warning  'pointtrans' is not defined                        no-undef
  412:1    warning  'pointtrans' is not defined                        no-undef
  413:1    warning  'pointtrans' is not defined                        no-undef
  414:1    warning  'pointtrans' is not defined                        no-undef
  415:1    warning  'pointtrans' is not defined                        no-undef
  416:1    warning  'pointtrans' is not defined                        no-undef
  417:1    warning  'pointtrans' is not defined                        no-undef
  436:1    warning  'pointjoin' is not defined                         no-undef
  437:1    warning  'pointjoin' is not defined                         no-undef
  438:1    warning  'pointjoin' is not defined                         no-undef
  439:1    warning  'pointjoin' is not defined                         no-undef
  440:1    warning  'pointjoin' is not defined                         no-undef
  441:1    warning  'pointjoin' is not defined                         no-undef
  442:1    warning  'pointjoin' is not defined                         no-undef
  443:1    warning  'pointjoin' is not defined                         no-undef
  444:1    warning  'pointjoin' is not defined                         no-undef
  445:1    warning  'pointjoin' is not defined                         no-undef
  446:1    warning  'pointjoin' is not defined                         no-undef
  447:1    warning  'pointjoin' is not defined                         no-undef
  448:1    warning  'pointjoin' is not defined                         no-undef
  449:1    warning  'pointjoin' is not defined                         no-undef
  450:1    warning  'pointjoin' is not defined                         no-undef
  451:1    warning  'pointjoin' is not defined                         no-undef
  452:1    warning  'pointjoin' is not defined                         no-undef
  453:1    warning  'pointjoin' is not defined                         no-undef
  454:1    warning  'pointjoin' is not defined                         no-undef
  455:1    warning  'pointjoin' is not defined                         no-undef
  456:1    warning  'pointjoin' is not defined                         no-undef
  457:1    warning  'pointjoin' is not defined                         no-undef
  458:1    warning  'pointjoin' is not defined                         no-undef
  459:1    warning  'pointjoin' is not defined                         no-undef
  460:1    warning  'pointjoin' is not defined                         no-undef
  461:1    warning  'pointjoin' is not defined                         no-undef
  462:1    warning  'pointdisp' is not defined                         no-undef
  463:1    warning  'pointdisp' is not defined                         no-undef
  464:1    warning  'pointjoin' is not defined                         no-undef
  465:1    warning  'pointjoin' is not defined                         no-undef
  466:1    warning  'pointjoin' is not defined                         no-undef
  467:1    warning  'pointjoin' is not defined                         no-undef
  469:1    warning  'pointjoin' is not defined                         no-undef
  470:1    warning  'pointdisp' is not defined                         no-undef
  471:1    warning  'pointdisp' is not defined                         no-undef
  472:1    warning  'pointdisp' is not defined                         no-undef
  473:1    warning  'pointdisp' is not defined                         no-undef
  475:10   warning  'selectPos' is defined but never used              no-unused-vars
  490:10   warning  'selectPos1' is defined but never used             no-unused-vars
  505:10   warning  'setExperiments' is defined but never used         no-unused-vars
  524:10   warning  'startExperiments' is defined but never used       no-unused-vars
  525:5    warning  '$' is not defined                                 no-undef
  557:5    warning  '$' is not defined                                 no-undef
  558:8    warning  '$' is not defined                                 no-undef
  572:13   warning  '$' is not defined                                 no-undef
  600:5    warning  '$' is not defined                                 no-undef
  601:5    warning  '$' is not defined                                 no-undef
  602:5    warning  '$' is not defined                                 no-undef
  603:5    warning  '$' is not defined                                 no-undef
  608:5    warning  '$' is not defined                                 no-undef
  609:5    warning  '$' is not defined                                 no-undef
  610:5    warning  '$' is not defined                                 no-undef
  611:5    warning  '$' is not defined                                 no-undef
  614:10   warning  'evalStiffness' is defined but never used          no-unused-vars
  617:25   warning  'roundd' is not defined                            no-undef
  617:58   warning  'roundd' is not defined                            no-undef
  617:96   warning  'roundd' is not defined                            no-undef
  622:154  warning  'roundd' is not defined                            no-undef
  626:10   warning  'evalLift' is defined but never used               no-unused-vars
  629:20   warning  'roundd' is not defined                            no-undef
  629:49   warning  'roundd' is not defined                            no-undef
  629:80   warning  'roundd' is not defined                            no-undef
  634:147  warning  'roundd' is not defined                            no-undef
  638:10   warning  'evalRadius' is defined but never used             no-unused-vars
  641:22   warning  'roundd' is not defined                            no-undef
  641:54   warning  'roundd' is not defined                            no-undef
  641:91   warning  'roundd' is not defined                            no-undef
  646:151  warning  'roundd' is not defined                            no-undef
  650:10   warning  'resetValues' is defined but never used            no-unused-vars
  664:10   warning  'resetExperiments' is defined but never used       no-unused-vars
  678:10   warning  'exitExperiments' is defined but never used        no-unused-vars
  718:5    warning  '$' is not defined                                 no-undef
  724:10   warning  'goToSimulator' is defined but never used          no-unused-vars
  749:83   warning  'roundd' is not defined                            no-undef
  749:126  warning  'roundd' is not defined                            no-undef
  750:5    warning  '$' is not defined                                 no-undef
  767:5    warning  '$' is not defined                                 no-undef
  768:5    warning  '$' is not defined                                 no-undef
  769:5    warning  '$' is not defined                                 no-undef
  770:5    warning  '$' is not defined                                 no-undef
  771:5    warning  '$' is not defined                                 no-undef
  772:5    warning  '$' is not defined                                 no-undef
  774:10   warning  'evaluateParts' is defined but never used          no-unused-vars
  776:9    warning  'selectedList' is assigned a value but never used  no-unused-vars
  869:10   warning  'validateNumber' is defined but never used         no-unused-vars

/home/runner/work/exp-hartnell-governer-nitk/exp-hartnell-governer-nitk/experiment/simulation/js/script1.js
   1:10  warning  'selectPos' is defined but never used  no-unused-vars
   8:57  warning  'exptSelected' is not defined          no-undef
  15:57  warning  'exptSelected' is not defined          no-undef

✖ 485 problems (1 error, 484 warnings)
  0 errors and 2 warnings potentially fixable with the `--fix` option.

